TN:
SF:src\components\CocktailDetails\CocktailDetails.tsx
FN:8,CocktailDetails
FN:47,(anonymous_1)
FNF:2
FNH:2
FNDA:16,CocktailDetails
FNDA:46,(anonymous_1)
DA:2,3
DA:8,3
DA:9,16
DA:10,16
DA:12,16
DA:48,46
LF:6
LH:6
BRDA:15,0,0,14
BRDA:15,0,1,2
BRDA:18,1,0,14
BRDA:18,1,1,0
BRDA:27,2,0,16
BRDA:27,2,1,1
BRDA:31,3,0,16
BRDA:31,3,1,1
BRDA:34,4,0,16
BRDA:34,4,1,1
BRDA:37,5,0,16
BRDA:37,5,1,1
BRDA:42,6,0,16
BRDA:42,6,1,1
BRDA:45,7,0,15
BRDA:45,7,1,1
BRF:16
BRH:15
end_of_record
TN:
SF:src\components\CocktailDetails\index.ts
FN:1,(anonymous_0)
FNF:1
FNH:1
FNDA:7,(anonymous_0)
DA:1,9
LF:1
LH:1
BRF:0
BRH:0
end_of_record
TN:
SF:src\components\Layout\Layout.tsx
FN:8,Layout
FNF:1
FNH:1
FNDA:67,Layout
DA:2,4
DA:8,4
DA:9,67
LF:3
LH:3
BRF:0
BRH:0
end_of_record
TN:
SF:src\components\Layout\index.ts
FN:1,(anonymous_0)
FNF:1
FNH:1
FNDA:62,(anonymous_0)
DA:1,65
LF:1
LH:1
BRF:0
BRH:0
end_of_record
TN:
SF:src\components\LoadingSpinner\LoadingSpinner.tsx
FN:5,LoadingSpinner
FNF:1
FNH:1
FNDA:50,LoadingSpinner
DA:5,3
DA:6,50
LF:2
LH:2
BRDA:5,0,0,1
BRF:1
BRH:1
end_of_record
TN:
SF:src\components\LoadingSpinner\index.ts
FN:1,(anonymous_0)
FNF:1
FNH:1
FNDA:46,(anonymous_0)
DA:1,48
LF:1
LH:1
BRF:0
BRH:0
end_of_record
TN:
SF:src\components\NotFound\NotFound.tsx
FN:7,NotFound
FNF:1
FNH:1
FNDA:15,NotFound
DA:7,4
DA:12,15
LF:2
LH:2
BRDA:8,0,0,13
BRDA:9,1,0,13
BRDA:10,2,0,13
BRF:3
BRH:3
end_of_record
TN:
SF:src\components\NotFound\index.ts
FN:1,(anonymous_0)
FNF:1
FNH:1
FNDA:10,(anonymous_0)
DA:1,13
LF:1
LH:1
BRF:0
BRH:0
end_of_record
TN:
SF:src\components\SideMenu\SideMenu.tsx
FN:5,SideMenu
FN:11,(anonymous_1)
FNF:2
FNH:2
FNDA:75,SideMenu
FNDA:300,(anonymous_1)
DA:1,5
DA:3,5
DA:5,5
DA:6,75
DA:7,75
DA:9,75
DA:12,300
LF:7
LH:7
BRDA:15,0,0,42
BRDA:15,0,1,258
BRF:2
BRH:2
end_of_record
TN:
SF:src\components\SideMenu\index.ts
FN:1,(anonymous_0)
FNF:1
FNH:0
FNDA:0,(anonymous_0)
DA:1,0
LF:1
LH:0
BRF:0
BRH:0
end_of_record
TN:
SF:src\pages\index.ts
FN:1,(anonymous_0)
FN:2,(anonymous_1)
FNF:2
FNH:2
FNDA:15,(anonymous_0)
FNDA:15,(anonymous_1)
DA:1,16
DA:2,16
LF:2
LH:2
BRF:0
BRH:0
end_of_record
TN:
SF:src\pages\CocktailPage\CocktailPage.tsx
FN:8,CocktailPage
FN:22,(anonymous_1)
FNF:2
FNH:2
FNDA:56,CocktailPage
FNDA:7,(anonymous_1)
DA:1,2
DA:2,2
DA:3,2
DA:4,2
DA:5,2
DA:6,2
DA:8,2
DA:9,56
DA:10,56
DA:14,56
DA:16,56
DA:23,7
LF:12
LH:12
BRDA:11,0,0,56
BRDA:11,0,1,2
BRDA:14,1,0,56
BRDA:14,1,1,50
BRDA:18,2,0,46
BRDA:18,2,1,10
BRDA:20,3,0,6
BRDA:20,3,1,4
BRF:8
BRH:8
end_of_record
TN:
SF:src\pages\CocktailPage\index.ts
FN:1,(anonymous_0)
FNF:1
FNH:1
FNDA:15,(anonymous_0)
DA:1,16
LF:1
LH:1
BRF:0
BRH:0
end_of_record
TN:
SF:src\pages\NotFoundPage\NotFoundPage.tsx
FN:4,NotFoundPage
FNF:1
FNH:1
FNDA:6,NotFoundPage
DA:1,2
DA:2,2
DA:4,2
DA:5,6
LF:4
LH:4
BRF:0
BRH:0
end_of_record
TN:
SF:src\pages\NotFoundPage\index.ts
FN:1,(anonymous_0)
FNF:1
FNH:1
FNDA:15,(anonymous_0)
DA:1,16
LF:1
LH:1
BRF:0
BRH:0
end_of_record
TN:
SF:src\routing\router.tsx
FNF:0
FNH:0
DA:1,0
DA:5,0
DA:7,0
LF:3
LH:0
BRF:0
BRH:0
end_of_record
TN:
SF:src\store\store.ts
FN:8,(anonymous_0)
FNF:1
FNH:1
FNDA:1,(anonymous_0)
DA:1,1
DA:2,1
DA:4,1
DA:9,1
LF:4
LH:4
BRF:0
BRH:0
end_of_record
TN:
SF:src\store\app\apiSlice.ts
FN:10,(anonymous_0)
FN:12,(anonymous_1)
FNF:2
FNH:2
FNDA:4,(anonymous_0)
FNDA:33,(anonymous_1)
DA:1,4
DA:3,4
DA:5,4
DA:10,4
DA:12,33
DA:17,4
LF:6
LH:6
BRF:0
BRH:0
end_of_record
TN:
SF:src\utils\drinkTransformers.ts
FN:3,formatDrinkData
FNF:1
FNH:1
FNDA:25,formatDrinkData
DA:3,4
DA:4,25
DA:7,25
DA:8,375
DA:9,375
DA:11,375
DA:12,76
DA:19,25
LF:8
LH:8
BRDA:11,0,0,76
BRDA:11,1,0,375
BRDA:11,1,1,78
BRDA:14,2,0,59
BRDA:14,2,1,17
BRF:5
BRH:5
end_of_record
